<?xml version="1.0" encoding="UTF-8"?>
<!-- Generated by org.testng.reporters.JUnitXMLReporter -->
<testsuite hostname="ATMECSBLRLT-104" ignored="0" name="Default test" tests="26" failures="0" timestamp="2022-05-02T20:34:57 IST" time="20.717" errors="0">
  <testcase name="CreateUserPost_16" time="4.818" classname="gorest.TestCases.GorestAPITests"/>
  <testcase name="CreateUserPost_WIthInvalidId_18" time="0.52" classname="gorest.TestCases.GorestAPITests"/>
  <testcase name="CreateUserPost_withMissingFields_19" time="0.798" classname="gorest.TestCases.GorestAPITests"/>
  <testcase name="CreateUserPost_withoutBearerToken_17" time="0.606" classname="gorest.TestCases.GorestAPITests"/>
  <testcase name="CreateUser_todo_POSTWithInavalidId_25" time="0.769" classname="gorest.TestCases.GorestAPITests"/>
  <testcase name="CreateUser_todo_POSTWithoutBearerToken_26" time="0.535" classname="gorest.TestCases.GorestAPITests"/>
  <testcase name="CreateUser_todo_POST_24" time="0.647" classname="gorest.TestCases.GorestAPITests"/>
  <testcase name="Create_POSTCommentWithMissingFiled_23" time="0.612" classname="gorest.TestCases.GorestAPITests"/>
  <testcase name="Create_POSTComment_20" time="0.651" classname="gorest.TestCases.GorestAPITests"/>
  <testcase name="Create_POSTCommentwithInavlidId_21" time="0.622" classname="gorest.TestCases.GorestAPITests"/>
  <testcase name="Create_POSTCommentwithoutBearerToken_22" time="0.64" classname="gorest.TestCases.GorestAPITests"/>
  <testcase name="DELETE_UserDetailsWithoutBearertoken_15" time="0.64" classname="gorest.TestCases.GorestAPITests"/>
  <testcase name="DELETE_UserDetails_14" time="0.609" classname="gorest.TestCases.GorestAPITests"/>
  <testcase name="GET_USerDetailsById_05" time="0.715" classname="gorest.TestCases.GorestAPITests"/>
  <testcase name="GET_UserDetailsWithoutBearerToken_07" time="0.609" classname="gorest.TestCases.GorestAPITests"/>
  <testcase name="GET_UsrDeatailByInvalidId_06" time="0.648" classname="gorest.TestCases.GorestAPITests"/>
  <testcase name="PATCH_UpadateUserDeatils_11" time="0.579" classname="gorest.TestCases.GorestAPITests"/>
  <testcase name="PATCH_UpdateUserDetailsWithInvalidId_12" time="0.6" classname="gorest.TestCases.GorestAPITests"/>
  <testcase name="PATCH_UpdateUserDetailsWithoutBearerToken_13" time="0.564" classname="gorest.TestCases.GorestAPITests"/>
  <testcase name="POST_CreateNewUser_01" time="0.671" classname="gorest.TestCases.GorestAPITests"/>
  <testcase name="POST_SameEmail_02" time="0.707" classname="gorest.TestCases.GorestAPITests"/>
  <testcase name="POST_WIthWrongAuthenticationToken_04" time="0.547" classname="gorest.TestCases.GorestAPITests"/>
  <testcase name="POST_WithMissingField_03" time="0.616" classname="gorest.TestCases.GorestAPITests"/>
  <testcase name="PUT_UpadateUserDeatils_08" time="0.68" classname="gorest.TestCases.GorestAPITests"/>
  <testcase name="PUT_UpdateUserDetailsWithInvalidId_09" time="0.645" classname="gorest.TestCases.GorestAPITests"/>
  <testcase name="PUT_UpdateUserDetailsWithoutBearerToken_10" time="0.556" classname="gorest.TestCases.GorestAPITests"/>
</testsuite> <!-- Default test -->
