<?xml version="1.0" encoding="UTF-8"?>
<!-- Generated by org.testng.reporters.JUnitXMLReporter -->
<testsuite hostname="ATMECSBLRLT-104" ignored="0" name="Test" tests="3" failures="0" timestamp="2022-04-25T16:33:03 IST" time="5.459" errors="0">
  <testcase name="POST_CreateNewUser" time="3.315" classname="gorest.TestCases.GorestAPITests"/>
  <testcase name="POST_SameEmail" time="1.509" classname="gorest.TestCases.GorestAPITests"/>
  <testcase name="POST_WithMissingField" time="0.582" classname="gorest.TestCases.GorestAPITests"/>
</testsuite> <!-- Test -->
