<?xml version="1.0" encoding="UTF-8"?>
<testng-results skipped="0" failed="0" ignored="0" total="27" passed="27">
  <reporter-output>
  </reporter-output>
  <suite name="Default suite" duration-ms="19664" started-at="2022-05-02T20:02:56 IST" finished-at="2022-05-02T20:03:15 IST">
    <groups>
    </groups>
    <test name="Default test" duration-ms="19664" started-at="2022-05-02T20:02:56 IST" finished-at="2022-05-02T20:03:15 IST">
      <class name="gorest.TestCases.GorestAPITests">
        <test-method status="PASS" signature="CreateUserPost_16()[pri:0, instance:gorest.TestCases.GorestAPITests@12cdcf4]" name="CreateUserPost_16" duration-ms="4588" started-at="2022-05-02T20:02:56 IST" finished-at="2022-05-02T20:03:00 IST">
          <reporter-output>
          </reporter-output>
        </test-method> <!-- CreateUserPost_16 -->
        <test-method status="PASS" signature="CreateUserPost_WIthInvalidId_18()[pri:0, instance:gorest.TestCases.GorestAPITests@12cdcf4]" name="CreateUserPost_WIthInvalidId_18" duration-ms="549" started-at="2022-05-02T20:03:00 IST" finished-at="2022-05-02T20:03:01 IST">
          <reporter-output>
          </reporter-output>
        </test-method> <!-- CreateUserPost_WIthInvalidId_18 -->
        <test-method status="PASS" signature="CreateUserPost_withMissingFields_19()[pri:0, instance:gorest.TestCases.GorestAPITests@12cdcf4]" name="CreateUserPost_withMissingFields_19" duration-ms="665" started-at="2022-05-02T20:03:01 IST" finished-at="2022-05-02T20:03:02 IST">
          <reporter-output>
          </reporter-output>
        </test-method> <!-- CreateUserPost_withMissingFields_19 -->
        <test-method status="PASS" signature="CreateUserPost_withoutBearerToken_17()[pri:0, instance:gorest.TestCases.GorestAPITests@12cdcf4]" name="CreateUserPost_withoutBearerToken_17" duration-ms="624" started-at="2022-05-02T20:03:02 IST" finished-at="2022-05-02T20:03:02 IST">
          <reporter-output>
          </reporter-output>
        </test-method> <!-- CreateUserPost_withoutBearerToken_17 -->
        <test-method status="PASS" signature="CreateUser_todo_POSTWithInavalidId_25()[pri:0, instance:gorest.TestCases.GorestAPITests@12cdcf4]" name="CreateUser_todo_POSTWithInavalidId_25" duration-ms="774" started-at="2022-05-02T20:03:02 IST" finished-at="2022-05-02T20:03:03 IST">
          <reporter-output>
          </reporter-output>
        </test-method> <!-- CreateUser_todo_POSTWithInavalidId_25 -->
        <test-method status="PASS" signature="CreateUser_todo_POSTWithMissingField_27()[pri:0, instance:gorest.TestCases.GorestAPITests@12cdcf4]" name="CreateUser_todo_POSTWithMissingField_27" duration-ms="621" started-at="2022-05-02T20:03:03 IST" finished-at="2022-05-02T20:03:04 IST">
          <reporter-output>
          </reporter-output>
        </test-method> <!-- CreateUser_todo_POSTWithMissingField_27 -->
        <test-method status="PASS" signature="CreateUser_todo_POSTWithoutBearerToken_26()[pri:0, instance:gorest.TestCases.GorestAPITests@12cdcf4]" name="CreateUser_todo_POSTWithoutBearerToken_26" duration-ms="543" started-at="2022-05-02T20:03:04 IST" finished-at="2022-05-02T20:03:04 IST">
          <reporter-output>
          </reporter-output>
        </test-method> <!-- CreateUser_todo_POSTWithoutBearerToken_26 -->
        <test-method status="PASS" signature="CreateUser_todo_POST_24()[pri:0, instance:gorest.TestCases.GorestAPITests@12cdcf4]" name="CreateUser_todo_POST_24" duration-ms="549" started-at="2022-05-02T20:03:04 IST" finished-at="2022-05-02T20:03:05 IST">
          <reporter-output>
          </reporter-output>
        </test-method> <!-- CreateUser_todo_POST_24 -->
        <test-method status="PASS" signature="Create_POSTCommentWithMissingFiled_23()[pri:0, instance:gorest.TestCases.GorestAPITests@12cdcf4]" name="Create_POSTCommentWithMissingFiled_23" duration-ms="525" started-at="2022-05-02T20:03:05 IST" finished-at="2022-05-02T20:03:05 IST">
          <reporter-output>
          </reporter-output>
        </test-method> <!-- Create_POSTCommentWithMissingFiled_23 -->
        <test-method status="PASS" signature="Create_POSTComment_20()[pri:0, instance:gorest.TestCases.GorestAPITests@12cdcf4]" name="Create_POSTComment_20" duration-ms="552" started-at="2022-05-02T20:03:05 IST" finished-at="2022-05-02T20:03:06 IST">
          <reporter-output>
          </reporter-output>
        </test-method> <!-- Create_POSTComment_20 -->
        <test-method status="PASS" signature="Create_POSTCommentwithInavlidId_21()[pri:0, instance:gorest.TestCases.GorestAPITests@12cdcf4]" name="Create_POSTCommentwithInavlidId_21" duration-ms="525" started-at="2022-05-02T20:03:06 IST" finished-at="2022-05-02T20:03:06 IST">
          <reporter-output>
          </reporter-output>
        </test-method> <!-- Create_POSTCommentwithInavlidId_21 -->
        <test-method status="PASS" signature="Create_POSTCommentwithoutBearerToken_22()[pri:0, instance:gorest.TestCases.GorestAPITests@12cdcf4]" name="Create_POSTCommentwithoutBearerToken_22" duration-ms="561" started-at="2022-05-02T20:03:06 IST" finished-at="2022-05-02T20:03:07 IST">
          <reporter-output>
          </reporter-output>
        </test-method> <!-- Create_POSTCommentwithoutBearerToken_22 -->
        <test-method status="PASS" signature="DELETE_UserDetailsWithoutBearertoken_15()[pri:0, instance:gorest.TestCases.GorestAPITests@12cdcf4]" name="DELETE_UserDetailsWithoutBearertoken_15" duration-ms="606" started-at="2022-05-02T20:03:07 IST" finished-at="2022-05-02T20:03:07 IST">
          <reporter-output>
          </reporter-output>
        </test-method> <!-- DELETE_UserDetailsWithoutBearertoken_15 -->
        <test-method status="PASS" signature="DELETE_UserDetails_14()[pri:0, instance:gorest.TestCases.GorestAPITests@12cdcf4]" name="DELETE_UserDetails_14" duration-ms="540" started-at="2022-05-02T20:03:07 IST" finished-at="2022-05-02T20:03:08 IST">
          <reporter-output>
          </reporter-output>
        </test-method> <!-- DELETE_UserDetails_14 -->
        <test-method status="PASS" signature="GET_USerDetailsById_05()[pri:0, instance:gorest.TestCases.GorestAPITests@12cdcf4]" name="GET_USerDetailsById_05" duration-ms="517" started-at="2022-05-02T20:03:08 IST" finished-at="2022-05-02T20:03:08 IST">
          <reporter-output>
          </reporter-output>
        </test-method> <!-- GET_USerDetailsById_05 -->
        <test-method status="PASS" signature="GET_UserDetailsWithoutBearerToken_07()[pri:0, instance:gorest.TestCases.GorestAPITests@12cdcf4]" name="GET_UserDetailsWithoutBearerToken_07" duration-ms="598" started-at="2022-05-02T20:03:08 IST" finished-at="2022-05-02T20:03:09 IST">
          <reporter-output>
          </reporter-output>
        </test-method> <!-- GET_UserDetailsWithoutBearerToken_07 -->
        <test-method status="PASS" signature="GET_UsrDeatailByInvalidId_06()[pri:0, instance:gorest.TestCases.GorestAPITests@12cdcf4]" name="GET_UsrDeatailByInvalidId_06" duration-ms="603" started-at="2022-05-02T20:03:09 IST" finished-at="2022-05-02T20:03:10 IST">
          <reporter-output>
          </reporter-output>
        </test-method> <!-- GET_UsrDeatailByInvalidId_06 -->
        <test-method status="PASS" signature="PATCH_UpadateUserDeatils_11()[pri:0, instance:gorest.TestCases.GorestAPITests@12cdcf4]" name="PATCH_UpadateUserDeatils_11" duration-ms="471" started-at="2022-05-02T20:03:10 IST" finished-at="2022-05-02T20:03:10 IST">
          <reporter-output>
          </reporter-output>
        </test-method> <!-- PATCH_UpadateUserDeatils_11 -->
        <test-method status="PASS" signature="PATCH_UpdateUserDetailsWithInvalidId_12()[pri:0, instance:gorest.TestCases.GorestAPITests@12cdcf4]" name="PATCH_UpdateUserDetailsWithInvalidId_12" duration-ms="630" started-at="2022-05-02T20:03:10 IST" finished-at="2022-05-02T20:03:11 IST">
          <reporter-output>
          </reporter-output>
        </test-method> <!-- PATCH_UpdateUserDetailsWithInvalidId_12 -->
        <test-method status="PASS" signature="PATCH_UpdateUserDetailsWithoutBearerToken_13()[pri:0, instance:gorest.TestCases.GorestAPITests@12cdcf4]" name="PATCH_UpdateUserDetailsWithoutBearerToken_13" duration-ms="531" started-at="2022-05-02T20:03:11 IST" finished-at="2022-05-02T20:03:11 IST">
          <reporter-output>
          </reporter-output>
        </test-method> <!-- PATCH_UpdateUserDetailsWithoutBearerToken_13 -->
        <test-method status="PASS" signature="POST_CreateNewUser_01()[pri:0, instance:gorest.TestCases.GorestAPITests@12cdcf4]" name="POST_CreateNewUser_01" duration-ms="519" started-at="2022-05-02T20:03:11 IST" finished-at="2022-05-02T20:03:12 IST">
          <reporter-output>
          </reporter-output>
        </test-method> <!-- POST_CreateNewUser_01 -->
        <test-method status="PASS" signature="POST_SameEmail_02()[pri:0, instance:gorest.TestCases.GorestAPITests@12cdcf4]" name="POST_SameEmail_02" duration-ms="523" started-at="2022-05-02T20:03:12 IST" finished-at="2022-05-02T20:03:12 IST">
          <reporter-output>
          </reporter-output>
        </test-method> <!-- POST_SameEmail_02 -->
        <test-method status="PASS" signature="POST_WIthWrongAuthenticationToken_04()[pri:0, instance:gorest.TestCases.GorestAPITests@12cdcf4]" name="POST_WIthWrongAuthenticationToken_04" duration-ms="507" started-at="2022-05-02T20:03:12 IST" finished-at="2022-05-02T20:03:13 IST">
          <reporter-output>
          </reporter-output>
        </test-method> <!-- POST_WIthWrongAuthenticationToken_04 -->
        <test-method status="PASS" signature="POST_WithMissingField_03()[pri:0, instance:gorest.TestCases.GorestAPITests@12cdcf4]" name="POST_WithMissingField_03" duration-ms="631" started-at="2022-05-02T20:03:13 IST" finished-at="2022-05-02T20:03:14 IST">
          <reporter-output>
          </reporter-output>
        </test-method> <!-- POST_WithMissingField_03 -->
        <test-method status="PASS" signature="PUT_UpadateUserDeatils_08()[pri:0, instance:gorest.TestCases.GorestAPITests@12cdcf4]" name="PUT_UpadateUserDeatils_08" duration-ms="485" started-at="2022-05-02T20:03:14 IST" finished-at="2022-05-02T20:03:14 IST">
          <reporter-output>
          </reporter-output>
        </test-method> <!-- PUT_UpadateUserDeatils_08 -->
        <test-method status="PASS" signature="PUT_UpdateUserDetailsWithInvalidId_09()[pri:0, instance:gorest.TestCases.GorestAPITests@12cdcf4]" name="PUT_UpdateUserDetailsWithInvalidId_09" duration-ms="548" started-at="2022-05-02T20:03:14 IST" finished-at="2022-05-02T20:03:15 IST">
          <reporter-output>
          </reporter-output>
        </test-method> <!-- PUT_UpdateUserDetailsWithInvalidId_09 -->
        <test-method status="PASS" signature="PUT_UpdateUserDetailsWithoutBearerToken_10()[pri:0, instance:gorest.TestCases.GorestAPITests@12cdcf4]" name="PUT_UpdateUserDetailsWithoutBearerToken_10" duration-ms="555" started-at="2022-05-02T20:03:15 IST" finished-at="2022-05-02T20:03:15 IST">
          <reporter-output>
          </reporter-output>
        </test-method> <!-- PUT_UpdateUserDetailsWithoutBearerToken_10 -->
      </class> <!-- gorest.TestCases.GorestAPITests -->
    </test> <!-- Default test -->
  </suite> <!-- Default suite -->
</testng-results>
